
fmradio1
fmradio2
fmradio1
fmradiostop
fmradio1
freq=90.10
freq=90.10-freq-90.10
fmradiostop-fmradiostop-fmradiostop
fmradio1-fmradio1-fmradio1
fmradiostop-fmradiostop-fmradiostop
fmradio1-fmradio1-fmradio1
freq=?freq-freq-?freq
freq=?freq-freq-?freq
freq=value-freq-value
fmradiostop-fmradiostop-fmradiostop
fmradio1-fmradio1-fmradio1
freq=document.getElementById(freq).value-freq-document.getElementById(freq).value
fmradiostop-fmradiostop-fmradiostop
fmradio1-fmradio1-fmradio1
freq=101.10-freq-101.10
freq=101.1-freq-101.1
freq=90.1-freq-90.1
freq=89.9-freq-89.9
freq=90.5-freq-90.5
freq=93.70-freq-93.70
freq=92.10-freq-92.10
freq=105.23-freq-105.23
freq=89.90-freq-89.90
freq=99.1-freq-99.1
freq=99.50-freq-99.50
freq=99.60-freq-99.60
freq=99.70-freq-99.70
freq=99.65-freq-99.65
freq=90.10-freq-90.10
fmradio1-fmradio1-fmradio1
freq=105.5-freq-105.5
freq=103.5-freq-103.5
freq=89.9-freq-89.9
freq=103.5-freq-103.5
fmradiostop-fmradiostop-fmradiostop
freq=89.5-freq-89.5
freq=66.6-freq-66.6
freq=104.10-freq-104.10
fmradiostop-fmradiostop-fmradiostop
freq=90.10-freq-90.10
freq=89.9-freq-89.9
freq=99.50-freq-99.50
freq=90.1-freq-90.1
fmradiostop-fmradiostop-fmradiostop
fmradio1-fmradio1-fmradio1
freq=95.5-freq-95.5
fmradio1-fmradio1-fmradio1
freq=101.13-freq-101.13
freq=105.4-freq-105.4
freq=90.1-freq-90.1
freq=105.5-freq-105.5
freq=89.1-freq-89.1
freq=53.1-freq-53.1
freq=101.1-freq-101.1
fmradio1-fmradio1-fmradio1
freq=101.1-freq-101.1
freq=90.1-freq-90.1
freq=95.5-freq-95.5
freq=95.3-freq-95.3
freq=95.9-freq-95.9
freq=99.5-freq-99.5
freq=92.10-freq-92.10
freq=94.70-freq-94.70
freq=106.7-freq-106.7
fmradio1-fmradio1-fmradio1
freq=106.7-freq-106.7
freq=95.5-freq-95.5
freq=101.1-freq-101.1
freq=106.7-freq-106.7
fmradio1-fmradio1-fmradio1
freq=106.70-freq-106.70
freq=101.1-freq-101.1
freq=90.1-freq-90.1
nextWidget-nextWidget-nextWidget
nextWidget-nextWidget-nextWidget
wake-wake-wake
freq=98.70-freq-98.70
freq=106.7-freq-106.7
fmradio1-fmradio1-fmradio1
fmradio1-fmradio1-fmradio1
freq=99.50-freq-99.50
freq=93.70-freq-93.70
freq=107.50-freq-107.50
freq=104.10-freq-104.10
freq=106.70-freq-106.70
freq=92.10-freq-92.10
freq=106.70-freq-106.70
freq=88.10-freq-88.10
freq=89.30-freq-89.30
freq=90.70-freq-90.70
freq=91.10-freq-91.10
freq=92.10-freq-92.10
freq=93.30-freq-93.30
freq=94.70-freq-94.70
freq=90.10-freq-90.10
freq=99.50-freq-99.50
freq=90.10-freq-90.10
freq=106.70-freq-106.70
sleep-sleep-sleep
wake-wake-wake
freq=90.10-freq-90.10
freq=103.50-freq-103.50
freq=91.10-freq-91.10
freq=90.10-freq-90.10
freq=104.50-freq-104.50
freq=106.30-freq-106.30
freq=106.70-freq-106.70
fmradiostop-fmradiostop-fmradiostop
freq=90.10-freq-90.10
fmradiostop-fmradiostop-fmradiostop
off-off-off
